
	            G L O B A L   R E F E R E N C E S

	             Name               Value        Type
	==============================|=======|===============
	CR                               000A         CONSTANT
	FIM_TEXTO                        0040         CONSTANT
	IO_READ                          FFFF         CONSTANT
	IO_WRITE                         FFFE         CONSTANT
	IO_STATUS                        FFFD         CONSTANT
	INITIAL_SP                       FDFF         CONSTANT
	CURSOR                           FFFC         CONSTANT
	CURSOR_INIT                      FFFF         CONSTANT
	ROW_POSITION                     0000         CONSTANT
	COL_POSITION                     0000         CONSTANT
	ROW_SHIFT                        0008         CONSTANT
	COLUMN_SHIFT                     0008         CONSTANT
	Line0Map                         8000           STRING
	Line1Map                         8050           STRING
	Line2Map                         80A0           STRING
	Line3Map                         80F0           STRING
	Line4Map                         8140           STRING
	Line5Map                         8190           STRING
	Line6Map                         81E0           STRING
	Line7Map                         8230           STRING
	Line8Map                         8280           STRING
	Line9Map                         82D0           STRING
	Line10Map                        8320           STRING
	Line11Map                        8370           STRING
	Line12Map                        83C0           STRING
	Line13Map                        8410           STRING
	Line14Map                        8460           STRING
	Line15Map                        84B0           STRING
	Line16Map                        8500           STRING
	Line17Map                        8550           STRING
	Line18Map                        85A0           STRING
	Line19Map                        85F0           STRING
	Line20Map                        8640           STRING
	Line21Map                        8690           STRING
	Line22Map                        86E0           STRING
	Line23Map                        8730           STRING
	StringToPrint                    8781         VARIABLE
	LineNumberToPrint                8782         VARIABLE
	PrintLines                       0002            LABEL
	while_Columns                    0005            LABEL
	while_Lines                      0007            LABEL
	PrintMap                         0021            LABEL
	Main                             002E            LABEL
	Cycle                            0038            LABEL
	Halt                             0039            LABEL
